Arguments: 
  C:\Program Files\nodejs\node.exe C:\Users\thinh.huynh\AppData\Roaming\npm\node_modules\yarn\bin\yarn.js add react-router-dom@6

PATH: 
  C:\Users\thinh.huynh\bin;C:\Program Files\Git\mingw64\bin;C:\Program Files\Git\usr\local\bin;C:\Program Files\Git\usr\bin;C:\Program Files\Git\usr\bin;C:\Program Files\Git\mingw64\bin;C:\Program Files\Git\usr\bin;C:\Users\thinh.huynh\bin;C:\Windows\system32;C:\Windows;C:\Windows\System32\Wbem;C:\Windows\System32\WindowsPowerShell\v1.0;C:\Windows\System32\OpenSSH;C:\Program Files\Microsoft SQL Server\150\Tools\Binn;C:\Program Files\Microsoft SQL Server\Client SDK\ODBC\170\Tools\Binn;C:\Windows\CCM;C:\Windows\CCM;C:\Program Files\dotnet;C:\Program Files\Git\cmd;C:\Program Files (x86)\Microsoft SQL Server\160\Tools\Binn;C:\Program Files\Microsoft SQL Server\160\Tools\Binn;C:\Program Files\Microsoft SQL Server\160\DTS\Binn;C:\Program Files (x86)\Microsoft SQL Server\150\DTS\Binn;C:\Program Files\Azure Data Studio\bin;C:\Program Files (x86)\Microsoft SQL Server\160\DTS\Binn;C:\Program Files\nodejs;C:\Users\thinh.huynh\AppData\Local\Microsoft\WindowsApps;C:\Users\thinh.huynh\AppData\Local\Programs\Microsoft VS Code\bin;C:\Users\thinh.huynh\.dotnet\tools;C:\Program Files\Azure Data Studio\bin;C:\Users\thinh.huynh\AppData\Roaming\npm;C:\Program Files\Git\usr\bin\vendor_perl;C:\Program Files\Git\usr\bin\core_perl

Yarn version: 
  1.22.19

Node version: 
  18.15.0

Platform: 
  win32 x64

Trace: 
  Error: EPERM: operation not permitted, unlink 'D:\ThinhProject\2023SEInternSS1-ticket-booking-ui\bookingticketui\node_modules\@esbuild\win32-x64\esbuild.exe'

npm manifest: 
  {
    "name": "bookingticketui",
    "private": true,
    "version": "0.0.0",
    "type": "module",
    "scripts": {
      "dev": "vite",
      "build": "vite build",
      "preview": "vite preview"
    },
    "dependencies": {
      "react": "^18.2.0",
      "react-dom": "^18.2.0",
      "react-icons": "^4.8.0",
      "sass": "^1.59.2"
    },
    "devDependencies": {
      "@types/react": "^18.0.27",
      "@types/react-dom": "^18.0.10",
      "@vitejs/plugin-react": "^3.1.0",
      "vite": "^4.1.0"
    }
  }

yarn manifest: 
  No manifest

Lockfile: 
  No lockfile
